Determining if the pthread_create exist failed with the following output:
Change Dir: /home/xowl/repotest/build/CMakeFiles/CMakeTmp

Run Build Command:"/usr/bin/make" "cmTC_4ac8e/fast"
/usr/bin/make -f CMakeFiles/cmTC_4ac8e.dir/build.make CMakeFiles/cmTC_4ac8e.dir/build
make[1]: Entering directory '/home/xowl/repotest/build/CMakeFiles/CMakeTmp'
Building C object CMakeFiles/cmTC_4ac8e.dir/CheckSymbolExists.c.o
/usr/lib/ccache/cc    -o CMakeFiles/cmTC_4ac8e.dir/CheckSymbolExists.c.o   -c /home/xowl/repotest/build/CMakeFiles/CMakeTmp/CheckSymbolExists.c
Linking C executable cmTC_4ac8e
/usr/bin/cmake -E cmake_link_script CMakeFiles/cmTC_4ac8e.dir/link.txt --verbose=1
/usr/lib/ccache/cc      -rdynamic CMakeFiles/cmTC_4ac8e.dir/CheckSymbolExists.c.o  -o cmTC_4ac8e 
CMakeFiles/cmTC_4ac8e.dir/CheckSymbolExists.c.o: In function `main':
CheckSymbolExists.c:(.text+0x1b): undefined reference to `pthread_create'
collect2: error: ld returned 1 exit status
CMakeFiles/cmTC_4ac8e.dir/build.make:97: recipe for target 'cmTC_4ac8e' failed
make[1]: *** [cmTC_4ac8e] Error 1
make[1]: Leaving directory '/home/xowl/repotest/build/CMakeFiles/CMakeTmp'
Makefile:126: recipe for target 'cmTC_4ac8e/fast' failed
make: *** [cmTC_4ac8e/fast] Error 2

File /home/xowl/repotest/build/CMakeFiles/CMakeTmp/CheckSymbolExists.c:
/* */
#include <pthread.h>

int main(int argc, char** argv)
{
  (void)argv;
#ifndef pthread_create
  return ((int*)(&pthread_create))[argc];
#else
  (void)argc;
  return 0;
#endif
}

Determining if the function pthread_create exists in the pthreads failed with the following output:
Change Dir: /home/xowl/repotest/build/CMakeFiles/CMakeTmp

Run Build Command:"/usr/bin/make" "cmTC_39985/fast"
/usr/bin/make -f CMakeFiles/cmTC_39985.dir/build.make CMakeFiles/cmTC_39985.dir/build
make[1]: Entering directory '/home/xowl/repotest/build/CMakeFiles/CMakeTmp'
Building C object CMakeFiles/cmTC_39985.dir/CheckFunctionExists.c.o
/usr/lib/ccache/cc   -DCHECK_FUNCTION_EXISTS=pthread_create   -o CMakeFiles/cmTC_39985.dir/CheckFunctionExists.c.o   -c /usr/share/cmake-3.10/Modules/CheckFunctionExists.c
Linking C executable cmTC_39985
/usr/bin/cmake -E cmake_link_script CMakeFiles/cmTC_39985.dir/link.txt --verbose=1
/usr/lib/ccache/cc  -DCHECK_FUNCTION_EXISTS=pthread_create    -rdynamic CMakeFiles/cmTC_39985.dir/CheckFunctionExists.c.o  -o cmTC_39985 -lpthreads 
/usr/bin/ld: cannot find -lpthreads
collect2: error: ld returned 1 exit status
CMakeFiles/cmTC_39985.dir/build.make:97: recipe for target 'cmTC_39985' failed
make[1]: *** [cmTC_39985] Error 1
make[1]: Leaving directory '/home/xowl/repotest/build/CMakeFiles/CMakeTmp'
Makefile:126: recipe for target 'cmTC_39985/fast' failed
make: *** [cmTC_39985/fast] Error 2


